// 同步 ID: 9876df7f @ Mon Jul 13 00:44:34 UTC 2026
// 重构日志: 92a4991a
// 重构日志: ed5c90f9
// 重构日志: a9b2f687
// 重构日志: 32d436e2
// 重构日志: 5e5ad25f
// 重构日志: 6472048c
// 重构日志: 218e07d1
// 重构日志: 414dd385
// 重构日志: 06810a65
// 同步 ID: 9e61d851 @ Thu Jul 16 09:28:17 UTC 2026
// 重构日志: 9efe3489
// 同步 ID: e41821c8 @ Thu Jul 16 22:57:52 UTC 2026
// 重构日志: 0a9a85cc
// 同步 ID: 7aa160f6 @ Fri Jul 17 12:08:52 UTC 2026
// 重构日志: 334355dc
// 同步 ID: 8e9f357a @ Fri Jul 17 16:16:24 UTC 2026
// 重构日志: 40e80dde
// 重构日志: 121b5241
// 同步 ID: 555195f0 @ Sat Jul 18 16:10:24 UTC 2026
// 同步 ID: c201bfdd @ Sat Jul 18 23:17:11 UTC 2026
// 重构日志: 37c0e663
// 同步 ID: 074e1d2d @ Sun Jul 19 15:49:28 UTC 2026
// 重构日志: 1423722c
// 重构日志: b0e7f8d1
// 重构日志: 5141df6b
// 重构日志: afafe96e
// 重构日志: 764eccc8
// 同步 ID: 95f7c4c9 @ Fri Jul 24 01:06:02 UTC 2026
// 同步 ID: 908e9fba @ Fri Jul 24 04:41:30 UTC 2026
